<?xml version='1.0'?>
<BeanWithBeanInfoBean>
	<gamma>gamma value</gamma>
	<alpha>alpha value</alpha>
</BeanWithBeanInfoBean>